<?xml version="1.0" encoding="UTF-8"?>
<!-- Generated by org.testng.reporters.JUnitReportReporter -->
<testsuite hostname="LAPTOP-BPN34P9J" failures="0" tests="1"
	name="org.w2a.testcases.LoginTest" time="3.405" errors="0"
	timestamp="2021-11-06T22:45:53 EDT" skipped="0">
	<testcase classname="org.w2a.testcases.LoginTest"
		name="bankManagerLogin" time="3.405" />
	<system-out />
</testsuite> <!-- org.w2a.testcases.LoginTest -->
